<?xml version="1.0" encoding="UTF-8"?>
<!-- Generated by org.testng.reporters.JUnitXMLReporter -->
<testsuite ignored="4" hostname="LTIN255514" failures="0" tests="5" name="Test" time="1.595" errors="0" timestamp="2024-03-16T11:33:15 IST">
  <testcase classname="testbase.Baseclass" name="@BeforeTest invokeBrowser" time="-1.71056899223E9">
    <failure type="org.testng.TestNGException" message="
Parameter &amp;apos;os&amp;apos; is required by BeforeTest on method invokeBrowser but has not been marked @Optional or defined
in C:\Users\2317992\eclipse-workspace\Hackathon\testng.xml">
      <![CDATA[org.testng.TestNGException: 
Parameter 'os' is required by BeforeTest on method invokeBrowser but has not been marked @Optional or defined
in C:\Users\2317992\eclipse-workspace\Hackathon\testng.xml
... Removed 21 stack frames]]>
    </failure>
  </testcase> <!-- @BeforeTest invokeBrowser -->
  <testcase classname="testbase.Baseclass" name="@AfterTest tearDown" time="0.0">
    <skipped/>
  </testcase> <!-- @AfterTest tearDown -->
  <testcase classname="testcases.TC002_Usedcars" name="UsedCarDetails" time="0.0">
    <skipped/>
  </testcase> <!-- UsedCarDetails -->
  <testcase classname="testcases.TC001_Upcomingbikes" name="clickNewBikes" time="0.0">
    <skipped/>
  </testcase> <!-- clickNewBikes -->
  <testcase classname="testcases.TC001_Upcomingbikes" name="clickUpcomingBikes" time="0.001">
    <skipped/>
  </testcase> <!-- clickUpcomingBikes -->
  <testcase classname="testcases.TC003_Googlesignin" name="verifyGoogleLogin" time="0.001">
    <skipped/>
  </testcase> <!-- verifyGoogleLogin -->
  <testcase classname="testcases.TC003_Googlesignin" name="verifyLoginPage" time="0.001">
    <skipped/>
  </testcase> <!-- verifyLoginPage -->
  <testcase classname="testbase.Baseclass" name="@AfterTest tearDown" time="0.0">
    <ignored/>
  </testcase> <!-- @AfterTest tearDown -->
  <testcase classname="testbase.Baseclass" name="@BeforeTest invokeBrowser" time="0.0">
    <ignored/>
  </testcase> <!-- @BeforeTest invokeBrowser -->
  <testcase classname="testbase.Baseclass" name="@BeforeTest invokeBrowser" time="0.0">
    <ignored/>
  </testcase> <!-- @BeforeTest invokeBrowser -->
  <testcase classname="testbase.Baseclass" name="@AfterTest tearDown" time="0.0">
    <ignored/>
  </testcase> <!-- @AfterTest tearDown -->
</testsuite> <!-- Test -->
